<?xml version="1.0" encoding="UTF-8"?>
<robot generator="Robot 7.2.2 (Python 3.13.3 on win32)" generated="2025-04-22T15:38:40.973364" rpa="false" schemaversion="5">
<suite id="s1" name="Preenchimento Incorreto" source="D:\Engefoto\Downloads\teste-robot\testes\preenchimento_incorreto.robot">
<test id="s1-t1" name="Verificar se quando um campo obrigatório não for preenchido corretamente o sistema exibe uma mensagem de campo obrigatório" line="7">
<kw name="Dado que eu acesse o Organo" owner="setup_teardown" type="SETUP">
<kw name="Open Browser" owner="SeleniumLibrary">
<msg time="2025-04-22T15:38:41.665835" level="INFO">Opening browser 'Chrome' to base url 'http://localhost:3000/'.</msg>
<arg>url=http://localhost:3000/</arg>
<arg>browser=Chrome</arg>
<doc>Opens a new browser instance to the optional ``url``.</doc>
<status status="PASS" start="2025-04-22T15:38:41.665617" elapsed="2.501360"/>
</kw>
<status status="PASS" start="2025-04-22T15:38:41.664735" elapsed="2.502430"/>
</kw>
<kw name="Dado que eu clique no botão &quot;Criar Card&quot;" owner="cadastro_organo">
<kw name="Click Element" owner="SeleniumLibrary">
<msg time="2025-04-22T15:38:44.168324" level="INFO">Clicking element 'id:form-botao'.</msg>
<arg>${BOTAO_CARD}</arg>
<doc>Click the element identified by ``locator``.</doc>
<status status="PASS" start="2025-04-22T15:38:44.167963" elapsed="0.072521"/>
</kw>
<kw name="Sleep" owner="BuiltIn">
<msg time="2025-04-22T15:38:45.241201" level="INFO">Slept 1 second.</msg>
<arg>1s</arg>
<doc>Pauses the test executed for the given time.</doc>
<status status="PASS" start="2025-04-22T15:38:44.240654" elapsed="1.000665"/>
</kw>
<status status="PASS" start="2025-04-22T15:38:44.167625" elapsed="1.073806"/>
</kw>
<kw name="Então sistema deve apresentar mensagem de campo obrigatório" owner="cadastro_organo">
<kw name="Element Should Be Visible" owner="SeleniumLibrary">
<msg time="2025-04-22T15:38:45.261072" level="INFO">Element 'id:form-nome-erro' is displayed.</msg>
<arg>id:form-nome-erro</arg>
<doc>Verifies that the element identified by ``locator`` is visible.</doc>
<status status="PASS" start="2025-04-22T15:38:45.242076" elapsed="0.019131"/>
</kw>
<kw name="Element Should Be Visible" owner="SeleniumLibrary">
<msg time="2025-04-22T15:38:45.275905" level="INFO">Element 'id:form-cargo-erro' is displayed.</msg>
<arg>id:form-cargo-erro</arg>
<doc>Verifies that the element identified by ``locator`` is visible.</doc>
<status status="PASS" start="2025-04-22T15:38:45.261424" elapsed="0.014569"/>
</kw>
<kw name="Element Should Be Visible" owner="SeleniumLibrary">
<msg time="2025-04-22T15:38:45.286453" level="INFO">Element 'id:form-times-erro' is displayed.</msg>
<arg>id:form-times-erro</arg>
<doc>Verifies that the element identified by ``locator`` is visible.</doc>
<status status="PASS" start="2025-04-22T15:38:45.276148" elapsed="0.010402"/>
</kw>
<status status="PASS" start="2025-04-22T15:38:45.241796" elapsed="0.044847"/>
</kw>
<kw name="Fechar o navegador" owner="setup_teardown" type="TEARDOWN">
<kw name="Close Browser" owner="SeleniumLibrary">
<doc>Closes the current browser.</doc>
<status status="PASS" start="2025-04-22T15:38:45.287267" elapsed="2.182519"/>
</kw>
<status status="PASS" start="2025-04-22T15:38:45.286986" elapsed="2.182925"/>
</kw>
<status status="PASS" start="2025-04-22T15:38:41.663946" elapsed="5.806167"/>
</test>
<status status="PASS" start="2025-04-22T15:38:40.974706" elapsed="6.496114"/>
</suite>
<statistics>
<total>
<stat pass="1" fail="0" skip="0">All Tests</stat>
</total>
<tag>
</tag>
<suite>
<stat name="Preenchimento Incorreto" id="s1" pass="1" fail="0" skip="0">Preenchimento Incorreto</stat>
</suite>
</statistics>
<errors>
</errors>
</robot>
